<?xml version="1.0" encoding="UTF-8"?>
<!-- Generated by org.testng.reporters.JUnitXMLReporter -->
<testsuite hostname="localhost.localdomain" ignored="2" name="Test3" tests="8" failures="0" timestamp="03 Apr 2018 08:59:08 GMT" time="66.743" errors="0">
  <testcase name="signInAndMoveToStudentRecord" time="8.549" classname="main.StudentRecord_Test"/>
  <testcase name="DisciplinaryCases" time="12.625" classname="main.StudentRecord_Test"/>
  <testcase name="MaintainDocument" time="3.17" classname="main.StudentRecord_Test"/>
  <testcase name="MaintainDocumentList_Add" time="0.131" classname="main.StudentRecord_Test">
    <skipped/>
  </testcase> <!-- MaintainDocumentList_Add -->
  <testcase name="MaintainDocumentList_Add" time="2.685" classname="main.StudentRecord_Test"/>
  <testcase name="NotingOnStudent" time="3.858" classname="main.StudentRecord_Test"/>
  <testcase name="studentProfile_Add" time="11.353" classname="main.StudentRecord_Test"/>
  <testcase name="studentProfile_View" time="6.384" classname="main.StudentRecord_Test"/>
  <testcase name="AwardsScholarships_Delete" time="0.0" classname="main.StudentRecord_Test">
    <ignored/>
  </testcase> <!-- AwardsScholarships_Delete -->
  <testcase name="AwardsScholarships_Add" time="0.0" classname="main.StudentRecord_Test">
    <ignored/>
  </testcase> <!-- AwardsScholarships_Add -->
</testsuite> <!-- Test3 -->
