<?xml version="1.0" encoding="UTF-8"?>
<!-- Generated by org.testng.reporters.JUnitXMLReporter -->
<testsuite hostname="localhost.localdomain" ignored="1" name="Test1" tests="6" failures="0" timestamp="03 Apr 2018 08:55:41 GMT" time="80.809" errors="0">
  <testcase name="signInAndMoveToStudentRecord" time="8.679" classname="main.StudentAttendence"/>
  <testcase name="ByTeacherMultiDate_MarkAttendence" time="27.355" classname="main.StudentAttendence"/>
  <testcase name="ByTeacher_MarkAttendence" time="0.175" classname="main.StudentAttendence">
    <skipped/>
  </testcase> <!-- ByTeacher_MarkAttendence -->
  <testcase name="ByTeacher_MarkAttendence" time="15.782" classname="main.StudentAttendence"/>
  <testcase name="ByTeacher_DeleteAttendence" time="0.115" classname="main.StudentAttendence">
    <skipped/>
  </testcase> <!-- ByTeacher_DeleteAttendence -->
  <testcase name="ByTeacher_DeleteAttendence" time="14.498" classname="main.StudentAttendence"/>
  <testcase name="Leaves" time="0.0" classname="main.StudentAttendence">
    <ignored/>
  </testcase> <!-- Leaves -->
</testsuite> <!-- Test1 -->
